<?xml version="1.0" encoding="UTF-8"?>
<!-- Generated by org.testng.reporters.JUnitReportReporter -->
<testsuite hostname="NALS-MACBOOK-247s-MacBook-Pro.local" failures="0" tests="1" name="phudn.test.ErrorValidations" time="5.306" errors="0" timestamp="2024-08-09T10:35:36 ICT" skipped="0">
  <testcase classname="phudn.test.ErrorValidations" name="submitOrder" time="5.306"/>
</testsuite> <!-- phudn.test.ErrorValidations -->
