<?xml version="1.0" encoding="UTF-8"?>
<!-- Generated by org.testng.reporters.JUnitReportReporter -->
<testsuite hostname="NALS-MACBOOK-247s-MacBook-Pro.local" failures="0" tests="2" name="cucumber.TestNGTestRunner" time="11.853" errors="0" timestamp="2024-09-04T11:27:19 ICT" skipped="0">
  <testcase classname="cucumber.TestNGTestRunner" name="runScenario" time="6.747"/>
  <testcase classname="cucumber.TestNGTestRunner" name="runScenario" time="5.106"/>
</testsuite> <!-- cucumber.TestNGTestRunner -->
